#
# There is insufficient memory for the Java Runtime Environment to continue.
# Native memory allocation (malloc) failed to allocate 1048576 bytes for AllocateHeap
# Possible reasons:
#   The system is out of physical RAM or swap space
#   The process is running with CompressedOops enabled, and the Java Heap may be blocking the growth of the native heap
# Possible solutions:
#   Reduce memory load on the system
#   Increase physical memory or swap space
#   Check if swap backing store is full
#   Decrease Java heap size (-Xmx/-Xms)
#   Decrease number of Java threads
#   Decrease Java thread stack sizes (-Xss)
#   Set larger code cache with -XX:ReservedCodeCacheSize=
#   JVM is running with Unscaled Compressed Oops mode in which the Java heap is
#     placed in the first 4GB address space. The Java Heap base address is the
#     maximum limit for the native heap growth. Please use -XX:HeapBaseMinAddress
#     to set the Java Heap base and to place the Java Heap above 4GB virtual address.
# This output file may be truncated or incomplete.
#
#  Out of Memory Error (./src/hotspot/share/memory/allocation.cpp:46), pid=23860, tid=27404
#
# JRE version:  (11.0.11+9) (build )
# Java VM: OpenJDK 64-Bit Server VM (11.0.11+9-b60-7590822, mixed mode, sharing, tiered, compressed oops, g1 gc, windows-amd64)
# No core dump will be written. Minidumps are not enabled by default on client versions of Windows
#

---------------  S U M M A R Y ------------

Command Line: org.jetbrains.git4idea.http.GitAskPassApp Username for 'https://github.com': 

Host: AMD Ryzen 5 4600H with Radeon Graphics         , 12 cores, 15G,  Windows 10 , 64 bit Build 22000 (10.0.22000.434)
Time: Sun Feb 20 00:00:15 2022 RTZ 2 (зима) elapsed time: 0.013730 seconds (0d 0h 0m 0s)

---------------  T H R E A D  ---------------

Current thread (0x00000209e51a1000):  JavaThread "Unknown thread" [_thread_in_vm, id=27404, stack(0x000000381bf00000,0x000000381c000000)]

Stack: [0x000000381bf00000,0x000000381c000000]
Native frames: (J=compiled Java code, j=interpreted, Vv=VM code, C=native code)
V  [jvm.dll+0x5f214a]
V  [jvm.dll+0x726fb5]
V  [jvm.dll+0x7285cd]
V  [jvm.dll+0x728c83]
V  [jvm.dll+0x243278]
V  [jvm.dll+0xb3a34]
V  [jvm.dll+0x2d5848]
V  [jvm.dll+0x705b97]
V  [jvm.dll+0x70739c]
V  [jvm.dll+0x3598f9]
V  [jvm.dll+0x6e931e]
V  [jvm.dll+0x3c1c43]
V  [jvm.dll+0x3c3e81]
C  [jli.dll+0x5373]
C  [ucrtbase.dll+0x26c0c]
C  [KERNEL32.DLL+0x154e0]
C  [ntdll.dll+0x485b]


---------------  P R O C E S S  ---------------

Threads class SMR info:
_java_thread_list=0x00000209e2e83160, length=0, elements={
}

Java Threads: ( => current thread )

Other Threads:

=>0x00000209e51a1000 (exited) JavaThread "Unknown thread" [_thread_in_vm, id=27404, stack(0x000000381bf00000,0x000000381c000000)]

Threads with active compile tasks:

VM state:not at safepoint (not fully initialized)

VM Mutex/Monitor currently owned by a thread: None


[error occurred during error reporting (printing compressed oops mode), id 0xc0000005, EXCEPTION_ACCESS_VIOLATION (0xc0000005) at pc=0x00007ffa182c69e7]

GC Heap History (0 events):
No events

Deoptimization events (0 events):
No events

Classes redefined (0 events):
No events

Internal exceptions (0 events):
No events

Events (1 events):
Event: 0.010 Loaded shared library D:\Programs\JetBrains\apps\AndroidStudio\ch-0\211.7628.21.2111.8139111\jre\bin\zip.dll


Dynamic libraries:
0x00007ff7ad640000 - 0x00007ff7ad64a000 	D:\Programs\JetBrains\apps\AndroidStudio\ch-0\211.7628.21.2111.8139111\jre\bin\java.exe
0x00007ffa76080000 - 0x00007ffa76289000 	C:\WINDOWS\SYSTEM32\ntdll.dll
0x00007ffa758a0000 - 0x00007ffa7595d000 	C:\WINDOWS\System32\KERNEL32.DLL
0x00007ffa73830000 - 0x00007ffa73ba4000 	C:\WINDOWS\System32\KERNELBASE.dll
0x00007ffa70460000 - 0x00007ffa704f1000 	C:\WINDOWS\SYSTEM32\apphelp.dll
0x00007ffa73710000 - 0x00007ffa73821000 	C:\WINDOWS\System32\ucrtbase.dll
0x00007ffa6d4e0000 - 0x00007ffa6d4f9000 	D:\Programs\JetBrains\apps\AndroidStudio\ch-0\211.7628.21.2111.8139111\jre\bin\jli.dll
0x00007ffa6e530000 - 0x00007ffa6e547000 	D:\Programs\JetBrains\apps\AndroidStudio\ch-0\211.7628.21.2111.8139111\jre\bin\VCRUNTIME140.dll
0x00007ffa73f20000 - 0x00007ffa740cc000 	C:\WINDOWS\System32\USER32.dll
0x00007ffa65340000 - 0x00007ffa655e5000 	C:\WINDOWS\WinSxS\amd64_microsoft.windows.common-controls_6595b64144ccf1df_6.0.22000.120_none_9d947278b86cc467\COMCTL32.dll
0x00007ffa73e30000 - 0x00007ffa73e56000 	C:\WINDOWS\System32\win32u.dll
0x00007ffa75b40000 - 0x00007ffa75be3000 	C:\WINDOWS\System32\msvcrt.dll
0x00007ffa74c20000 - 0x00007ffa74c49000 	C:\WINDOWS\System32\GDI32.dll
0x00007ffa735f0000 - 0x00007ffa73702000 	C:\WINDOWS\System32\gdi32full.dll
0x00007ffa73d20000 - 0x00007ffa73dbd000 	C:\WINDOWS\System32\msvcp_win.dll
0x00007ffa74100000 - 0x00007ffa74131000 	C:\WINDOWS\System32\IMM32.DLL
0x00007ffa5b490000 - 0x00007ffa5b52d000 	D:\Programs\JetBrains\apps\AndroidStudio\ch-0\211.7628.21.2111.8139111\jre\bin\msvcp140.dll
0x00007ffa17bc0000 - 0x00007ffa18695000 	D:\Programs\JetBrains\apps\AndroidStudio\ch-0\211.7628.21.2111.8139111\jre\bin\server\jvm.dll
0x00007ffa75960000 - 0x00007ffa75a0e000 	C:\WINDOWS\System32\ADVAPI32.dll
0x00007ffa75a10000 - 0x00007ffa75aae000 	C:\WINDOWS\System32\sechost.dll
0x00007ffa74af0000 - 0x00007ffa74c10000 	C:\WINDOWS\System32\RPCRT4.dll
0x00007ffa740f0000 - 0x00007ffa740f8000 	C:\WINDOWS\System32\PSAPI.DLL
0x00007ffa6f100000 - 0x00007ffa6f133000 	C:\WINDOWS\SYSTEM32\WINMM.dll
0x00007ffa6b580000 - 0x00007ffa6b589000 	C:\WINDOWS\SYSTEM32\WSOCK32.dll
0x00007ffa74800000 - 0x00007ffa7486f000 	C:\WINDOWS\System32\WS2_32.dll
0x00007ffa6b1f0000 - 0x00007ffa6b1fa000 	C:\WINDOWS\SYSTEM32\VERSION.dll
0x00007ffa72630000 - 0x00007ffa72648000 	C:\WINDOWS\SYSTEM32\kernel.appcore.dll
0x00007ffa6cb20000 - 0x00007ffa6cb31000 	D:\Programs\JetBrains\apps\AndroidStudio\ch-0\211.7628.21.2111.8139111\jre\bin\verify.dll
0x00007ffa70e10000 - 0x00007ffa71031000 	C:\WINDOWS\SYSTEM32\DBGHELP.DLL
0x00007ffa6c100000 - 0x00007ffa6c131000 	C:\WINDOWS\SYSTEM32\dbgcore.DLL
0x00007ffa73570000 - 0x00007ffa735ef000 	C:\WINDOWS\System32\bcryptPrimitives.dll
0x00007ffa68fa0000 - 0x00007ffa68fc9000 	D:\Programs\JetBrains\apps\AndroidStudio\ch-0\211.7628.21.2111.8139111\jre\bin\java.dll
0x00007ffa6f030000 - 0x00007ffa6f03b000 	D:\Programs\JetBrains\apps\AndroidStudio\ch-0\211.7628.21.2111.8139111\jre\bin\jimage.dll
0x00007ffa68f80000 - 0x00007ffa68f98000 	D:\Programs\JetBrains\apps\AndroidStudio\ch-0\211.7628.21.2111.8139111\jre\bin\zip.dll

dbghelp: loaded successfully - version: 4.0.5 - missing functions: none
symbol engine: initialized successfully - sym options: 0x614 - pdb path: .;D:\Programs\JetBrains\apps\AndroidStudio\ch-0\211.7628.21.2111.8139111\jre\bin;C:\WINDOWS\SYSTEM32;C:\WINDOWS\WinSxS\amd64_microsoft.windows.common-controls_6595b64144ccf1df_6.0.22000.120_none_9d947278b86cc467;D:\Programs\JetBrains\apps\AndroidStudio\ch-0\211.7628.21.2111.8139111\jre\bin\server

VM Arguments:
java_command: org.jetbrains.git4idea.http.GitAskPassApp Username for 'https://github.com': 
java_class_path (initial): D:/Programs/JetBrains/apps/AndroidStudio/ch-0/211.7628.21.2111.8139111/plugins/git4idea/lib/git4idea-rt.jar;D:/Programs/JetBrains/apps/AndroidStudio/ch-0/211.7628.21.2111.8139111/lib/xmlrpc-2.0.1.jar;D:/Programs/JetBrains/apps/AndroidStudio/ch-0/211.7628.21.2111.8139111/lib/commons-codec-1.15.jar
Launcher Type: SUN_STANDARD

[Global flags]
     intx CICompilerCount                          = 4                                         {product} {ergonomic}
     uint G1ConcRefinementThreads                  = 10                                        {product} {ergonomic}
   size_t G1HeapRegionSize                         = 1048576                                   {product} {ergonomic}
    uintx GCDrainStackTargetSize                   = 64                                        {product} {ergonomic}
   size_t InitialHeapSize                          = 257949696                                 {product} {ergonomic}
   size_t MaxHeapSize                              = 4127195136                                {product} {ergonomic}
   size_t MinHeapDeltaBytes                        = 1048576                                   {product} {ergonomic}
    uintx NonNMethodCodeHeapSize                   = 5836300                                {pd product} {ergonomic}
    uintx NonProfiledCodeHeapSize                  = 122910970                              {pd product} {ergonomic}
    uintx ProfiledCodeHeapSize                     = 122910970                              {pd product} {ergonomic}
    uintx ReservedCodeCacheSize                    = 251658240                              {pd product} {ergonomic}
     bool SegmentedCodeCache                       = true                                      {product} {ergonomic}
     bool UseCompressedClassPointers               = true                                 {lp64_product} {ergonomic}
     bool UseCompressedOops                        = true                                 {lp64_product} {ergonomic}
     bool UseG1GC                                  = true                                      {product} {ergonomic}
     bool UseLargePagesIndividualAllocation        = false                                  {pd product} {ergonomic}

Logging:
Log output configuration:
 #0: stdout all=warning uptime,level,tags
 #1: stderr all=off uptime,level,tags

Environment Variables:
PATH=C:/Program Files/Git/mingw64/libexec/git-core;C:/Program Files/Git/mingw64/libexec/git-core;C:\Program Files\Git\mingw64\bin;C:\Program Files\Git\usr\bin;C:\Users\syoma\bin;C:\Users\syoma\gcc\bin;C:\Users\syoma\gcc\libexec\gcc\x86_64-w64-mingw32\11.1.0;C:\WINDOWS\system32;C:\WINDOWS;C:\WINDOWS\System32\Wbem;C:\WINDOWS\System32\WindowsPowerShell\v1.0\;C:\WINDOWS\System32\OpenSSH\;D:\Programs\NodeJs\;C:\Program Files\Git\cmd;C:\Program Files\Microsoft SQL Server\130\Tools\Binn\;C:\Users\syoma\AppData\Local\Microsoft\WindowsApps;C:\Users\syoma\AppData\Roaming\npm;C:\Users\syoma\AppData\Local\GitHubDesktop\bin
USERNAME=syoma
DISPLAY=:0.0
LC_ALL=en_US.UTF-8
OS=Windows_NT
PROCESSOR_IDENTIFIER=AMD64 Family 23 Model 96 Stepping 1, AuthenticAMD



---------------  S Y S T E M  ---------------

OS: Windows 10 , 64 bit Build 22000 (10.0.22000.434)
OS uptime: 5 days 19:21 hours
Hyper-V role detected

CPU:total 12 (initial active 12) (12 cores per cpu, 2 threads per core) family 23 model 96 stepping 1 microcode 0x0, cmov, cx8, fxsr, mmx, sse, sse2, sse3, ssse3, sse4.1, sse4.2, popcnt, avx, avx2, aes, clmul, mmxext, 3dnowpref, lzcnt, sse4a, ht, tsc, tscinvbit, tscinv, bmi1, bmi2, adx, 

Memory: 4k page, system-wide physical 15741M (956M free)
TotalPageFile size 31029M (AvailPageFile size 5M)
current process WorkingSet (physical memory assigned to process): 10M, peak: 10M
current process commit charge ("private bytes"): 19M, peak: 19M

vm_info: OpenJDK 64-Bit Server VM (11.0.11+9-b60-7590822) for windows-amd64 JRE (11.0.11+9-b60-7590822), built on Jul 29 2021 21:43:44 by "builder" with MS VC++ 14.0 (VS2015)

END.
